2026-04-15 22:55:49.986 -05 [24524] LOG:  starting PostgreSQL 18.3 on x86_64-windows, compiled by msvc-19.44.35223, 64-bit
2026-04-15 22:55:49.987 -05 [24524] LOG:  listening on IPv4 address "127.0.0.1", port 5433
2026-04-15 22:55:50.065 -05 [23452] LOG:  database system was shut down at 2026-04-15 22:55:29 -05
2026-04-15 22:55:50.074 -05 [24524] LOG:  database system is ready to accept connections
2026-04-15 22:55:52.860 -05 [6428] FATAL:  role "gabri" does not exist
2026-04-15 22:58:53.502 -05 [2040] LOG:  could not receive data from client: unrecognized winsock error 10054
2026-04-15 23:00:50.064 -05 [23668] LOG:  checkpoint starting: time
2026-04-15 23:02:54.878 -05 [23668] LOG:  checkpoint complete: wrote 1142 buffers (7.0%), wrote 3 SLRU buffers; 1 WAL file(s) added, 0 removed, 0 recycled; write=124.271 s, sync=0.482 s, total=124.815 s; sync files=417, longest=0.002 s, average=0.002 s; distance=5996 kB, estimate=5996 kB; lsn=0/1DC1A88, redo lsn=0/1DC15A0
2026-04-15 23:05:50.903 -05 [23668] LOG:  checkpoint starting: time
2026-04-15 23:05:51.584 -05 [23668] LOG:  checkpoint complete: wrote 6 buffers (0.0%), wrote 1 SLRU buffers; 0 WAL file(s) added, 0 removed, 0 recycled; write=0.659 s, sync=0.011 s, total=0.681 s; sync files=7, longest=0.002 s, average=0.002 s; distance=6 kB, estimate=5397 kB; lsn=0/1DC2FB0, redo lsn=0/1DC2F58
2026-04-15 23:10:50.589 -05 [23668] LOG:  checkpoint starting: time
2026-04-15 23:10:51.588 -05 [23668] LOG:  checkpoint complete: wrote 9 buffers (0.1%), wrote 1 SLRU buffers; 0 WAL file(s) added, 0 removed, 0 recycled; write=0.977 s, sync=0.011 s, total=1.000 s; sync files=7, longest=0.003 s, average=0.002 s; distance=5 kB, estimate=4857 kB; lsn=0/1DC44F0, redo lsn=0/1DC4498
2026-04-15 23:16:13.292 -05 [9596] LOG:  could not receive data from client: unrecognized winsock error 10054
2026-04-15 23:16:13.293 -05 [21308] LOG:  could not receive data from client: unrecognized winsock error 10054
2026-04-15 23:31:26.846 -05 [19580] LOG:  could not receive data from client: unrecognized winsock error 10054
2026-04-15 23:31:46.745 -05 [24524] LOG:  received fast shutdown request
2026-04-15 23:31:46.749 -05 [24524] LOG:  aborting any active transactions
2026-04-15 23:31:46.754 -05 [24524] LOG:  background worker "logical replication launcher" (PID 13060) exited with exit code 1
2026-04-15 23:31:46.754 -05 [23668] LOG:  shutting down
2026-04-15 23:31:46.756 -05 [23668] LOG:  checkpoint starting: shutdown immediate
2026-04-15 23:31:46.770 -05 [23668] LOG:  checkpoint complete: wrote 0 buffers (0.0%), wrote 0 SLRU buffers; 0 WAL file(s) added, 0 removed, 0 recycled; write=0.001 s, sync=0.001 s, total=0.017 s; sync files=0, longest=0.000 s, average=0.000 s; distance=0 kB, estimate=4372 kB; lsn=0/1DC45A0, redo lsn=0/1DC45A0
2026-04-15 23:31:46.797 -05 [24524] LOG:  database system is shut down
